This is cutadapt 4.5 with Python 3.10.13
Command line parameters: -m 20 -a AGATCGGAAGAGCACACGTCTGAACTCCAGTCA -A AGATCGGAAGAGCGTCGTGTAGGGAAAGAGTGT -o out/cutadapt/ERR2868174_1.trimmed.fastq.gz -p out/cutadapt/ERR2868174_2.trimmed.fastq.gz data/ERR2868174_1.fastq.gz data/ERR2868174_2.fastq.gz
Processing paired-end reads on 1 core ...
Finished in 4.021 s (13.402 µs/read; 4.48 M reads/minute).

=== Summary ===

Total read pairs processed:            300,000
  Read 1 with adapter:                   2,205 (0.7%)
  Read 2 with adapter:                   1,572 (0.5%)

== Read fate breakdown ==
Pairs that were too short:                 722 (0.2%)
Pairs written (passing filters):       299,278 (99.8%)

Total basepairs processed:    45,023,428 bp
  Read 1:    22,521,118 bp
  Read 2:    22,502,310 bp
Total written (filtered):     44,902,388 bp (99.7%)
  Read 1:    22,460,564 bp
  Read 2:    22,441,824 bp

=== First read: Adapter 1 ===

Sequence: AGATCGGAAGAGCACACGTCTGAACTCCAGTCA; Type: regular 3'; Length: 33; Trimmed: 2205 times

Minimum overlap: 3
No. of allowed errors:
1-9 bp: 0; 10-19 bp: 1; 20-29 bp: 2; 30-33 bp: 3

Bases preceding removed adapters:
  A: 16.0%
  C: 32.3%
  G: 12.7%
  T: 6.3%
  none/other: 32.7%

Overview of removed sequences
length	count	expect	max.err	error counts
3	1030	4687.5	0	1030
4	218	1171.9	0	218
5	191	293.0	0	191
6	12	73.2	0	12
9	1	1.1	0	0 1
10	1	0.3	1	0 1
11	2	0.1	1	0 2
14	1	0.0	1	0 1
16	3	0.0	1	0 3
18	1	0.0	1	0 0 1
19	2	0.0	1	0 2
20	1	0.0	2	0 1
21	4	0.0	2	0 4
22	1	0.0	2	0 1
23	2	0.0	2	0 2
24	1	0.0	2	0 1
25	1	0.0	2	0 1
27	6	0.0	2	0 4 2
28	1	0.0	2	0 1
29	1	0.0	2	0 1
30	2	0.0	3	0 2
36	1	0.0	3	0 1
74	1	0.0	3	0 0 1
76	721	0.0	3	0 707 13 1


=== Second read: Adapter 2 ===

Sequence: AGATCGGAAGAGCGTCGTGTAGGGAAAGAGTGT; Type: regular 3'; Length: 33; Trimmed: 1572 times

Minimum overlap: 3
No. of allowed errors:
1-9 bp: 0; 10-19 bp: 1; 20-29 bp: 2; 30-33 bp: 3

Bases preceding removed adapters:
  A: 34.3%
  C: 26.8%
  G: 31.9%
  T: 7.0%
  none/other: 0.0%

Overview of removed sequences
length	count	expect	max.err	error counts
3	1356	4687.5	0	1356
4	115	1171.9	0	115
5	55	293.0	0	55
6	15	73.2	0	15
9	3	1.1	0	0 3
11	1	0.1	1	0 1
14	1	0.0	1	0 1
16	1	0.0	1	0 1
19	4	0.0	1	0 4
20	3	0.0	2	0 3
21	6	0.0	2	0 6
24	2	0.0	2	0 2
26	1	0.0	2	0 1
31	1	0.0	3	0 0 1
32	3	0.0	3	0 3
34	2	0.0	3	0 2
41	1	0.0	3	0 1
44	1	0.0	3	0 1
45	1	0.0	3	0 1
